# JRE version: OpenJDK Runtime Environment Temurin-21.0.8+9 (21.0.8+9) (build 21.0.8+9-LTS)
# Java VM: OpenJDK 64-Bit Server VM Temurin-21.0.8+9 (21.0.8+9-LTS, mixed mode, sharing, tiered, compressed oops, compressed class ptrs, parallel gc, windows-amd64)
GC Precious Log:
 CardTable entry size: 512
 CPUs: 8 total, 8 available
 Memory: 16026M
 Large Page Support: Disabled
 NUMA Support: Disabled
 Compressed Oops: Enabled (32-bit)
 Alignments: Space 512K, Generation 512K, Heap 2M
 Heap Min Capacity: 100M
 Heap Initial Capacity: 100M
 Heap Max Capacity: 2G
 Pre-touch: Disabled
 Parallel Workers: 8
Heap:
 PSYoungGen      total 16896K, used 9076K [0x00000000d5580000, 0x00000000d6900000, 0x0000000100000000)
  eden space 14848K, 47% used [0x00000000d5580000,0x00000000d5c68680,0x00000000d6400000)
  from space 2048K, 97% used [0x00000000d6480000,0x00000000d6674a88,0x00000000d6680000)
  to   space 2560K, 0% used [0x00000000d6680000,0x00000000d6680000,0x00000000d6900000)
 ParOldGen       total 77824K, used 77498K [0x0000000080000000, 0x0000000084c00000, 0x00000000d5580000)
  object space 77824K, 99% used [0x0000000080000000,0x0000000084baeb50,0x0000000084c00000)
 Metaspace       used 70666K, committed 72192K, reserved 1114112K
  class space    used 7632K, committed 8320K, reserved 1048576K
GC Heap History (20 events):
Event: 31.385 GC heap before
{Heap before GC invocations=57 (full 3):
 PSYoungGen      total 15872K, used 15855K [0x00000000d5580000, 0x00000000d6a00000, 0x0000000100000000)
  eden space 14848K, 100% used [0x00000000d5580000,0x00000000d6400000,0x00000000d6400000)
  from space 1024K, 98% used [0x00000000d6780000,0x00000000d687bd70,0x00000000d6880000)
  to   space 1536K, 0% used [0x00000000d6880000,0x00000000d6880000,0x00000000d6a00000)
 ParOldGen       total 68608K, used 65774K [0x0000000080000000, 0x0000000084300000, 0x00000000d5580000)
  object space 68608K, 95% used [0x0000000080000000,0x000000008403b858,0x0000000084300000)
 Metaspace       used 67172K, committed 68544K, reserved 1114112K
  class space    used 7277K, committed 7936K, reserved 1048576K
}
Event: 31.387 GC heap after
{Heap after GC invocations=57 (full 3):
 PSYoungGen      total 15872K, used 608K [0x00000000d5580000, 0x00000000d6980000, 0x0000000100000000)
  eden space 14848K, 0% used [0x00000000d5580000,0x00000000d5580000,0x00000000d6400000)
  from space 1024K, 59% used [0x00000000d6880000,0x00000000d6918000,0x00000000d6980000)
  to   space 1536K, 0% used [0x00000000d6680000,0x00000000d6680000,0x00000000d6800000)
 ParOldGen       total 68608K, used 66797K [0x0000000080000000, 0x0000000084300000, 0x00000000d5580000)
  object space 68608K, 97% used [0x0000000080000000,0x000000008413b560,0x0000000084300000)
 Metaspace       used 67172K, committed 68544K, reserved 1114112K
  class space    used 7277K, committed 7936K, reserved 1048576K
}
Event: 31.419 GC heap before
{Heap before GC invocations=58 (full 3):
 PSYoungGen      total 15872K, used 15456K [0x00000000d5580000, 0x00000000d6980000, 0x0000000100000000)
  eden space 14848K, 100% used [0x00000000d5580000,0x00000000d6400000,0x00000000d6400000)
  from space 1024K, 59% used [0x00000000d6880000,0x00000000d6918000,0x00000000d6980000)
  to   space 1536K, 0% used [0x00000000d6680000,0x00000000d6680000,0x00000000d6800000)
 ParOldGen       total 68608K, used 66797K [0x0000000080000000, 0x0000000084300000, 0x00000000d5580000)
  object space 68608K, 97% used [0x0000000080000000,0x000000008413b560,0x0000000084300000)
 Metaspace       used 67290K, committed 68608K, reserved 1114112K
  class space    used 7285K, committed 7936K, reserved 1048576K
}
Event: 31.420 GC heap after
{Heap after GC invocations=58 (full 3):
 PSYoungGen      total 16384K, used 836K [0x00000000d5580000, 0x00000000d6900000, 0x0000000100000000)
  eden space 14848K, 0% used [0x00000000d5580000,0x00000000d5580000,0x00000000d6400000)
  from space 1536K, 54% used [0x00000000d6680000,0x00000000d67513c8,0x00000000d6800000)
  to   space 1024K, 0% used [0x00000000d6800000,0x00000000d6800000,0x00000000d6900000)
 ParOldGen       total 68608K, used 67325K [0x0000000080000000, 0x0000000084300000, 0x00000000d5580000)
  object space 68608K, 98% used [0x0000000080000000,0x00000000841bf560,0x0000000084300000)
 Metaspace       used 67290K, committed 68608K, reserved 1114112K
  class space    used 7285K, committed 7936K, reserved 1048576K
}
Event: 31.452 GC heap before
{Heap before GC invocations=59 (full 3):
 PSYoungGen      total 16384K, used 15684K [0x00000000d5580000, 0x00000000d6900000, 0x0000000100000000)
  eden space 14848K, 100% used [0x00000000d5580000,0x00000000d6400000,0x00000000d6400000)
  from space 1536K, 54% used [0x00000000d6680000,0x00000000d67513c8,0x00000000d6800000)
  to   space 1024K, 0% used [0x00000000d6800000,0x00000000d6800000,0x00000000d6900000)
 ParOldGen       total 68608K, used 67325K [0x0000000080000000, 0x0000000084300000, 0x00000000d5580000)
  object space 68608K, 98% used [0x0000000080000000,0x00000000841bf560,0x0000000084300000)
 Metaspace       used 67381K, committed 68800K, reserved 1114112K
  class space    used 7293K, committed 7936K, reserved 1048576K
}
Event: 31.454 GC heap after
{Heap after GC invocations=59 (full 3):
 PSYoungGen      total 15872K, used 852K [0x00000000d5580000, 0x00000000d6900000, 0x0000000100000000)
  eden space 14848K, 0% used [0x00000000d5580000,0x00000000d5580000,0x00000000d6400000)
  from space 1024K, 83% used [0x00000000d6800000,0x00000000d68d5320,0x00000000d6900000)
  to   space 1024K, 0% used [0x00000000d6700000,0x00000000d6700000,0x00000000d6800000)
 ParOldGen       total 68608K, used 68077K [0x0000000080000000, 0x0000000084300000, 0x00000000d5580000)
  object space 68608K, 99% used [0x0000000080000000,0x000000008427b400,0x0000000084300000)
 Metaspace       used 67381K, committed 68800K, reserved 1114112K
  class space    used 7293K, committed 7936K, reserved 1048576K
}
Event: 31.523 GC heap before
{Heap before GC invocations=60 (full 3):
 PSYoungGen      total 15872K, used 15700K [0x00000000d5580000, 0x00000000d6900000, 0x0000000100000000)
  eden space 14848K, 100% used [0x00000000d5580000,0x00000000d6400000,0x00000000d6400000)
  from space 1024K, 83% used [0x00000000d6800000,0x00000000d68d5320,0x00000000d6900000)
  to   space 1024K, 0% used [0x00000000d6700000,0x00000000d6700000,0x00000000d6800000)
 ParOldGen       total 68608K, used 68077K [0x0000000080000000, 0x0000000084300000, 0x00000000d5580000)
  object space 68608K, 99% used [0x0000000080000000,0x000000008427b400,0x0000000084300000)
 Metaspace       used 67580K, committed 68992K, reserved 1114112K
  class space    used 7316K, committed 8000K, reserved 1048576K
}
Event: 31.525 GC heap after
{Heap after GC invocations=60 (full 3):
 PSYoungGen      total 15872K, used 1024K [0x00000000d5580000, 0x00000000d6a00000, 0x0000000100000000)
  eden space 14848K, 0% used [0x00000000d5580000,0x00000000d5580000,0x00000000d6400000)
  from space 1024K, 100% used [0x00000000d6700000,0x00000000d6800000,0x00000000d6800000)
  to   space 2048K, 0% used [0x00000000d6800000,0x00000000d6800000,0x00000000d6a00000)
 ParOldGen       total 69632K, used 69585K [0x0000000080000000, 0x0000000084400000, 0x00000000d5580000)
  object space 69632K, 99% used [0x0000000080000000,0x00000000843f4690,0x0000000084400000)
 Metaspace       used 67580K, committed 68992K, reserved 1114112K
  class space    used 7316K, committed 8000K, reserved 1048576K
}
Event: 31.598 GC heap before
{Heap before GC invocations=61 (full 3):
 PSYoungGen      total 15872K, used 15872K [0x00000000d5580000, 0x00000000d6a00000, 0x0000000100000000)
  eden space 14848K, 100% used [0x00000000d5580000,0x00000000d6400000,0x00000000d6400000)
  from space 1024K, 100% used [0x00000000d6700000,0x00000000d6800000,0x00000000d6800000)
  to   space 2048K, 0% used [0x00000000d6800000,0x00000000d6800000,0x00000000d6a00000)
 ParOldGen       total 69632K, used 69585K [0x0000000080000000, 0x0000000084400000, 0x00000000d5580000)
  object space 69632K, 99% used [0x0000000080000000,0x00000000843f4690,0x0000000084400000)
 Metaspace       used 68166K, committed 69632K, reserved 1114112K
  class space    used 7410K, committed 8064K, reserved 1048576K
}
Event: 31.599 GC heap after
{Heap after GC invocations=61 (full 3):
 PSYoungGen      total 16896K, used 1567K [0x00000000d5580000, 0x00000000d6a00000, 0x0000000100000000)
  eden space 14848K, 0% used [0x00000000d5580000,0x00000000d5580000,0x00000000d6400000)
  from space 2048K, 76% used [0x00000000d6800000,0x00000000d6987c78,0x00000000d6a00000)
  to   space 2048K, 0% used [0x00000000d6600000,0x00000000d6600000,0x00000000d6800000)
 ParOldGen       total 70656K, used 70569K [0x0000000080000000, 0x0000000084500000, 0x00000000d5580000)
  object space 70656K, 99% used [0x0000000080000000,0x00000000844ea6c0,0x0000000084500000)
 Metaspace       used 68166K, committed 69632K, reserved 1114112K
  class space    used 7410K, committed 8064K, reserved 1048576K
}
Event: 31.719 GC heap before
{Heap before GC invocations=62 (full 3):
 PSYoungGen      total 16896K, used 16399K [0x00000000d5580000, 0x00000000d6a00000, 0x0000000100000000)
  eden space 14848K, 99% used [0x00000000d5580000,0x00000000d63fc128,0x00000000d6400000)
  from space 2048K, 76% used [0x00000000d6800000,0x00000000d6987c78,0x00000000d6a00000)
  to   space 2048K, 0% used [0x00000000d6600000,0x00000000d6600000,0x00000000d6800000)
 ParOldGen       total 70656K, used 70629K [0x0000000080000000, 0x0000000084500000, 0x00000000d5580000)
  object space 70656K, 99% used [0x0000000080000000,0x00000000844f9510,0x0000000084500000)
 Metaspace       used 69619K, committed 71168K, reserved 1114112K
  class space    used 7535K, committed 8256K, reserved 1048576K
}
Event: 31.722 GC heap after
{Heap after GC invocations=62 (full 3):
 PSYoungGen      total 15872K, used 764K [0x00000000d5580000, 0x00000000d6880000, 0x0000000100000000)
  eden space 14848K, 0% used [0x00000000d5580000,0x00000000d5580000,0x00000000d6400000)
  from space 1024K, 74% used [0x00000000d6600000,0x00000000d66bf0c0,0x00000000d6700000)
  to   space 1536K, 0% used [0x00000000d6700000,0x00000000d6700000,0x00000000d6880000)
 ParOldGen       total 72192K, used 72021K [0x0000000080000000, 0x0000000084680000, 0x00000000d5580000)
  object space 72192K, 99% used [0x0000000080000000,0x00000000846555e8,0x0000000084680000)
 Metaspace       used 69619K, committed 71168K, reserved 1114112K
  class space    used 7535K, committed 8256K, reserved 1048576K
}
Event: 31.809 GC heap before
{Heap before GC invocations=63 (full 3):
 PSYoungGen      total 15872K, used 15612K [0x00000000d5580000, 0x00000000d6880000, 0x0000000100000000)
  eden space 14848K, 100% used [0x00000000d5580000,0x00000000d6400000,0x00000000d6400000)
  from space 1024K, 74% used [0x00000000d6600000,0x00000000d66bf0c0,0x00000000d6700000)
  to   space 1536K, 0% used [0x00000000d6700000,0x00000000d6700000,0x00000000d6880000)
 ParOldGen       total 72192K, used 72034K [0x0000000080000000, 0x0000000084680000, 0x00000000d5580000)
  object space 72192K, 99% used [0x0000000080000000,0x0000000084658a78,0x0000000084680000)
 Metaspace       used 70332K, committed 71872K, reserved 1114112K
  class space    used 7607K, committed 8320K, reserved 1048576K
}
Event: 31.811 GC heap after
{Heap after GC invocations=63 (full 3):
 PSYoungGen      total 16384K, used 1436K [0x00000000d5580000, 0x00000000d6880000, 0x0000000100000000)
  eden space 14848K, 0% used [0x00000000d5580000,0x00000000d5580000,0x00000000d6400000)
  from space 1536K, 93% used [0x00000000d6700000,0x00000000d6867278,0x00000000d6880000)
  to   space 2048K, 0% used [0x00000000d6480000,0x00000000d6480000,0x00000000d6680000)
 ParOldGen       total 72704K, used 72492K [0x0000000080000000, 0x0000000084700000, 0x00000000d5580000)
  object space 72704K, 99% used [0x0000000080000000,0x00000000846cb200,0x0000000084700000)
 Metaspace       used 70332K, committed 71872K, reserved 1114112K
  class space    used 7607K, committed 8320K, reserved 1048576K
}
Event: 31.904 GC heap before
{Heap before GC invocations=64 (full 3):
 PSYoungGen      total 16384K, used 16284K [0x00000000d5580000, 0x00000000d6880000, 0x0000000100000000)
  eden space 14848K, 100% used [0x00000000d5580000,0x00000000d6400000,0x00000000d6400000)
  from space 1536K, 93% used [0x00000000d6700000,0x00000000d6867278,0x00000000d6880000)
  to   space 2048K, 0% used [0x00000000d6480000,0x00000000d6480000,0x00000000d6680000)
 ParOldGen       total 72704K, used 72492K [0x0000000080000000, 0x0000000084700000, 0x00000000d5580000)
  object space 72704K, 99% used [0x0000000080000000,0x00000000846cb200,0x0000000084700000)
 Metaspace       used 70455K, committed 72000K, reserved 1114112K
  class space    used 7609K, committed 8320K, reserved 1048576K
}
Event: 31.906 GC heap after
{Heap after GC invocations=64 (full 3):
 PSYoungGen      total 16896K, used 2048K [0x00000000d5580000, 0x00000000d6c00000, 0x0000000100000000)
  eden space 14848K, 0% used [0x00000000d5580000,0x00000000d5580000,0x00000000d6400000)
  from space 2048K, 100% used [0x00000000d6480000,0x00000000d6680000,0x00000000d6680000)
  to   space 4096K, 0% used [0x00000000d6800000,0x00000000d6800000,0x00000000d6c00000)
 ParOldGen       total 74240K, used 73847K [0x0000000080000000, 0x0000000084880000, 0x00000000d5580000)
  object space 74240K, 99% used [0x0000000080000000,0x000000008481dd58,0x0000000084880000)
 Metaspace       used 70455K, committed 72000K, reserved 1114112K
  class space    used 7609K, committed 8320K, reserved 1048576K
}
Event: 31.977 GC heap before
{Heap before GC invocations=65 (full 3):
 PSYoungGen      total 16896K, used 16896K [0x00000000d5580000, 0x00000000d6c00000, 0x0000000100000000)
  eden space 14848K, 100% used [0x00000000d5580000,0x00000000d6400000,0x00000000d6400000)
  from space 2048K, 100% used [0x00000000d6480000,0x00000000d6680000,0x00000000d6680000)
  to   space 4096K, 0% used [0x00000000d6800000,0x00000000d6800000,0x00000000d6c00000)
 ParOldGen       total 74240K, used 73847K [0x0000000080000000, 0x0000000084880000, 0x00000000d5580000)
  object space 74240K, 99% used [0x0000000080000000,0x000000008481dd58,0x0000000084880000)
 Metaspace       used 70557K, committed 72064K, reserved 1114112K
  class space    used 7617K, committed 8320K, reserved 1048576K
}
Event: 31.980 GC heap after
{Heap after GC invocations=65 (full 3):
 PSYoungGen      total 17408K, used 2252K [0x00000000d5580000, 0x00000000d6a80000, 0x0000000100000000)
  eden space 14848K, 0% used [0x00000000d5580000,0x00000000d5580000,0x00000000d6400000)
  from space 2560K, 88% used [0x00000000d6800000,0x00000000d6a33368,0x00000000d6a80000)
  to   space 3072K, 0% used [0x00000000d6480000,0x00000000d6480000,0x00000000d6780000)
 ParOldGen       total 75776K, used 75772K [0x0000000080000000, 0x0000000084a00000, 0x00000000d5580000)
  object space 75776K, 99% used [0x0000000080000000,0x00000000849ff3a8,0x0000000084a00000)
 Metaspace       used 70557K, committed 72064K, reserved 1114112K
  class space    used 7617K, committed 8320K, reserved 1048576K
}
Event: 32.058 GC heap before
{Heap before GC invocations=66 (full 3):
 PSYoungGen      total 17408K, used 17100K [0x00000000d5580000, 0x00000000d6a80000, 0x0000000100000000)
  eden space 14848K, 100% used [0x00000000d5580000,0x00000000d6400000,0x00000000d6400000)
  from space 2560K, 88% used [0x00000000d6800000,0x00000000d6a33368,0x00000000d6a80000)
  to   space 3072K, 0% used [0x00000000d6480000,0x00000000d6480000,0x00000000d6780000)
 ParOldGen       total 75776K, used 75772K [0x0000000080000000, 0x0000000084a00000, 0x00000000d5580000)
  object space 75776K, 99% used [0x0000000080000000,0x00000000849ff3a8,0x0000000084a00000)
 Metaspace       used 70626K, committed 72128K, reserved 1114112K
  class space    used 7623K, committed 8320K, reserved 1048576K
}
Event: 32.061 GC heap after
{Heap after GC invocations=66 (full 3):
 PSYoungGen      total 16896K, used 2002K [0x00000000d5580000, 0x00000000d6900000, 0x0000000100000000)
  eden space 14848K, 0% used [0x00000000d5580000,0x00000000d5580000,0x00000000d6400000)
  from space 2048K, 97% used [0x00000000d6480000,0x00000000d6674a88,0x00000000d6680000)
  to   space 2560K, 0% used [0x00000000d6680000,0x00000000d6680000,0x00000000d6900000)
 ParOldGen       total 77824K, used 77498K [0x0000000080000000, 0x0000000084c00000, 0x00000000d5580000)
  object space 77824K, 99% used [0x0000000080000000,0x0000000084baeb50,0x0000000084c00000)
 Metaspace       used 70626K, committed 72128K, reserved 1114112K
  class space    used 7623K, committed 8320K, reserved 1048576K
}

