# JRE version: OpenJDK Runtime Environment Temurin-21.0.8+9 (21.0.8+9) (build 21.0.8+9-LTS)
# Java VM: OpenJDK 64-Bit Server VM Temurin-21.0.8+9 (21.0.8+9-LTS, mixed mode, sharing, tiered, compressed oops, compressed class ptrs, parallel gc, windows-amd64)
GC Precious Log:
 CardTable entry size: 512
 CPUs: 8 total, 8 available
 Memory: 16026M
 Large Page Support: Disabled
 NUMA Support: Disabled
 Compressed Oops: Enabled (32-bit)
 Alignments: Space 512K, Generation 512K, Heap 2M
 Heap Min Capacity: 100M
 Heap Initial Capacity: 100M
 Heap Max Capacity: 2G
 Pre-touch: Disabled
 Parallel Workers: 8
Heap:
 PSYoungGen      total 3072K, used 2223K [0x00000000d5580000, 0x00000000d5a00000, 0x0000000100000000)
  eden space 2560K, 66% used [0x00000000d5580000,0x00000000d572bfe0,0x00000000d5800000)
  from space 512K, 100% used [0x00000000d5900000,0x00000000d5980000,0x00000000d5980000)
  to   space 512K, 0% used [0x00000000d5980000,0x00000000d5980000,0x00000000d5a00000)
 ParOldGen       total 595456K, used 595215K [0x0000000080000000, 0x00000000a4580000, 0x00000000d5580000)
  object space 595456K, 99% used [0x0000000080000000,0x00000000a4543ef0,0x00000000a4580000)
 Metaspace       used 66332K, committed 67968K, reserved 1114112K
  class space    used 7018K, committed 7744K, reserved 1048576K
GC Heap History (20 events):
Event: 24.976 GC heap after
{Heap after GC invocations=836 (full 3):
 PSYoungGen      total 3584K, used 1533K [0x00000000d5580000, 0x00000000d5e00000, 0x0000000100000000)
  eden space 2048K, 0% used [0x00000000d5580000,0x00000000d5580000,0x00000000d5780000)
  from space 1536K, 99% used [0x00000000d5780000,0x00000000d58ff488,0x00000000d5900000)
  to   space 3072K, 0% used [0x00000000d5b00000,0x00000000d5b00000,0x00000000d5e00000)
 ParOldGen       total 590848K, used 590477K [0x0000000080000000, 0x00000000a4100000, 0x00000000d5580000)
  object space 590848K, 99% used [0x0000000080000000,0x00000000a40a3460,0x00000000a4100000)
 Metaspace       used 65597K, committed 67200K, reserved 1114112K
  class space    used 6964K, committed 7680K, reserved 1048576K
}
Event: 24.983 GC heap before
{Heap before GC invocations=837 (full 3):
 PSYoungGen      total 3584K, used 3581K [0x00000000d5580000, 0x00000000d5e00000, 0x0000000100000000)
  eden space 2048K, 99% used [0x00000000d5580000,0x00000000d577ffd8,0x00000000d5780000)
  from space 1536K, 99% used [0x00000000d5780000,0x00000000d58ff488,0x00000000d5900000)
  to   space 3072K, 0% used [0x00000000d5b00000,0x00000000d5b00000,0x00000000d5e00000)
 ParOldGen       total 590848K, used 590477K [0x0000000080000000, 0x00000000a4100000, 0x00000000d5580000)
  object space 590848K, 99% used [0x0000000080000000,0x00000000a40a3460,0x00000000a4100000)
 Metaspace       used 65668K, committed 67264K, reserved 1114112K
  class space    used 6968K, committed 7680K, reserved 1048576K
}
Event: 24.985 GC heap after
{Heap after GC invocations=837 (full 3):
 PSYoungGen      total 3584K, used 1431K [0x00000000d5580000, 0x00000000d5c80000, 0x0000000100000000)
  eden space 2048K, 0% used [0x00000000d5580000,0x00000000d5580000,0x00000000d5780000)
  from space 1536K, 93% used [0x00000000d5b00000,0x00000000d5c65e08,0x00000000d5c80000)
  to   space 2048K, 0% used [0x00000000d5880000,0x00000000d5880000,0x00000000d5a80000)
 ParOldGen       total 592384K, used 591975K [0x0000000080000000, 0x00000000a4280000, 0x00000000d5580000)
  object space 592384K, 99% used [0x0000000080000000,0x00000000a4219cd8,0x00000000a4280000)
 Metaspace       used 65668K, committed 67264K, reserved 1114112K
  class space    used 6968K, committed 7680K, reserved 1048576K
}
Event: 24.993 GC heap before
{Heap before GC invocations=838 (full 3):
 PSYoungGen      total 3584K, used 3479K [0x00000000d5580000, 0x00000000d5c80000, 0x0000000100000000)
  eden space 2048K, 100% used [0x00000000d5580000,0x00000000d5780000,0x00000000d5780000)
  from space 1536K, 93% used [0x00000000d5b00000,0x00000000d5c65e08,0x00000000d5c80000)
  to   space 2048K, 0% used [0x00000000d5880000,0x00000000d5880000,0x00000000d5a80000)
 ParOldGen       total 592384K, used 591975K [0x0000000080000000, 0x00000000a4280000, 0x00000000d5580000)
  object space 592384K, 99% used [0x0000000080000000,0x00000000a4219cd8,0x00000000a4280000)
 Metaspace       used 65700K, committed 67264K, reserved 1114112K
  class space    used 6972K, committed 7680K, reserved 1048576K
}
Event: 24.994 GC heap after
{Heap after GC invocations=838 (full 3):
 PSYoungGen      total 3072K, used 731K [0x00000000d5580000, 0x00000000d5b80000, 0x0000000100000000)
  eden space 2048K, 0% used [0x00000000d5580000,0x00000000d5580000,0x00000000d5780000)
  from space 1024K, 71% used [0x00000000d5880000,0x00000000d5936e78,0x00000000d5980000)
  to   space 1536K, 0% used [0x00000000d5a00000,0x00000000d5a00000,0x00000000d5b80000)
 ParOldGen       total 593408K, used 593205K [0x0000000080000000, 0x00000000a4380000, 0x00000000d5580000)
  object space 593408K, 99% used [0x0000000080000000,0x00000000a434d550,0x00000000a4380000)
 Metaspace       used 65700K, committed 67264K, reserved 1114112K
  class space    used 6972K, committed 7680K, reserved 1048576K
}
Event: 25.000 GC heap before
{Heap before GC invocations=839 (full 3):
 PSYoungGen      total 3072K, used 2730K [0x00000000d5580000, 0x00000000d5b80000, 0x0000000100000000)
  eden space 2048K, 97% used [0x00000000d5580000,0x00000000d57739d0,0x00000000d5780000)
  from space 1024K, 71% used [0x00000000d5880000,0x00000000d5936e78,0x00000000d5980000)
  to   space 1536K, 0% used [0x00000000d5a00000,0x00000000d5a00000,0x00000000d5b80000)
 ParOldGen       total 593408K, used 593205K [0x0000000080000000, 0x00000000a4380000, 0x00000000d5580000)
  object space 593408K, 99% used [0x0000000080000000,0x00000000a434d550,0x00000000a4380000)
 Metaspace       used 65763K, committed 67328K, reserved 1114112K
  class space    used 6972K, committed 7680K, reserved 1048576K
}
Event: 25.001 GC heap after
{Heap after GC invocations=839 (full 3):
 PSYoungGen      total 2560K, used 380K [0x00000000d5580000, 0x00000000d5a80000, 0x0000000100000000)
  eden space 2048K, 0% used [0x00000000d5580000,0x00000000d5580000,0x00000000d5780000)
  from space 512K, 74% used [0x00000000d5a00000,0x00000000d5a5f1b0,0x00000000d5a80000)
  to   space 1024K, 0% used [0x00000000d5880000,0x00000000d5880000,0x00000000d5980000)
 ParOldGen       total 593920K, used 593424K [0x0000000080000000, 0x00000000a4400000, 0x00000000d5580000)
  object space 593920K, 99% used [0x0000000080000000,0x00000000a4384330,0x00000000a4400000)
 Metaspace       used 65763K, committed 67328K, reserved 1114112K
  class space    used 6972K, committed 7680K, reserved 1048576K
}
Event: 25.006 GC heap before
{Heap before GC invocations=840 (full 3):
 PSYoungGen      total 2560K, used 2425K [0x00000000d5580000, 0x00000000d5a80000, 0x0000000100000000)
  eden space 2048K, 99% used [0x00000000d5580000,0x00000000d577f5e0,0x00000000d5780000)
  from space 512K, 74% used [0x00000000d5a00000,0x00000000d5a5f1b0,0x00000000d5a80000)
  to   space 1024K, 0% used [0x00000000d5880000,0x00000000d5880000,0x00000000d5980000)
 ParOldGen       total 593920K, used 593424K [0x0000000080000000, 0x00000000a4400000, 0x00000000d5580000)
  object space 593920K, 99% used [0x0000000080000000,0x00000000a4384330,0x00000000a4400000)
 Metaspace       used 65871K, committed 67456K, reserved 1114112K
  class space    used 6983K, committed 7680K, reserved 1048576K
}
Event: 25.007 GC heap after
{Heap after GC invocations=840 (full 3):
 PSYoungGen      total 3072K, used 192K [0x00000000d5580000, 0x00000000d5a80000, 0x0000000100000000)
  eden space 2048K, 0% used [0x00000000d5580000,0x00000000d5580000,0x00000000d5780000)
  from space 1024K, 18% used [0x00000000d5880000,0x00000000d58b0000,0x00000000d5980000)
  to   space 512K, 0% used [0x00000000d5a00000,0x00000000d5a00000,0x00000000d5a80000)
 ParOldGen       total 593920K, used 593528K [0x0000000080000000, 0x00000000a4400000, 0x00000000d5580000)
  object space 593920K, 99% used [0x0000000080000000,0x00000000a439e350,0x00000000a4400000)
 Metaspace       used 65871K, committed 67456K, reserved 1114112K
  class space    used 6983K, committed 7680K, reserved 1048576K
}
Event: 25.037 GC heap before
{Heap before GC invocations=841 (full 3):
 PSYoungGen      total 3072K, used 2240K [0x00000000d5580000, 0x00000000d5a80000, 0x0000000100000000)
  eden space 2048K, 100% used [0x00000000d5580000,0x00000000d5780000,0x00000000d5780000)
  from space 1024K, 18% used [0x00000000d5880000,0x00000000d58b0000,0x00000000d5980000)
  to   space 512K, 0% used [0x00000000d5a00000,0x00000000d5a00000,0x00000000d5a80000)
 ParOldGen       total 593920K, used 593528K [0x0000000080000000, 0x00000000a4400000, 0x00000000d5580000)
  object space 593920K, 99% used [0x0000000080000000,0x00000000a439e350,0x00000000a4400000)
 Metaspace       used 65979K, committed 67520K, reserved 1114112K
  class space    used 6993K, committed 7680K, reserved 1048576K
}
Event: 25.038 GC heap after
{Heap after GC invocations=841 (full 3):
 PSYoungGen      total 2560K, used 352K [0x00000000d5580000, 0x00000000d5a80000, 0x0000000100000000)
  eden space 2048K, 0% used [0x00000000d5580000,0x00000000d5580000,0x00000000d5780000)
  from space 512K, 68% used [0x00000000d5a00000,0x00000000d5a58280,0x00000000d5a80000)
  to   space 512K, 0% used [0x00000000d5980000,0x00000000d5980000,0x00000000d5a00000)
 ParOldGen       total 593920K, used 593576K [0x0000000080000000, 0x00000000a4400000, 0x00000000d5580000)
  object space 593920K, 99% used [0x0000000080000000,0x00000000a43aa350,0x00000000a4400000)
 Metaspace       used 65979K, committed 67520K, reserved 1114112K
  class space    used 6993K, committed 7680K, reserved 1048576K
}
Event: 25.052 GC heap before
{Heap before GC invocations=842 (full 3):
 PSYoungGen      total 2560K, used 2400K [0x00000000d5580000, 0x00000000d5a80000, 0x0000000100000000)
  eden space 2048K, 100% used [0x00000000d5580000,0x00000000d5780000,0x00000000d5780000)
  from space 512K, 68% used [0x00000000d5a00000,0x00000000d5a58280,0x00000000d5a80000)
  to   space 512K, 0% used [0x00000000d5980000,0x00000000d5980000,0x00000000d5a00000)
 ParOldGen       total 593920K, used 593576K [0x0000000080000000, 0x00000000a4400000, 0x00000000d5580000)
  object space 593920K, 99% used [0x0000000080000000,0x00000000a43aa368,0x00000000a4400000)
 Metaspace       used 65980K, committed 67520K, reserved 1114112K
  class space    used 6993K, committed 7680K, reserved 1048576K
}
Event: 25.054 GC heap after
{Heap after GC invocations=842 (full 3):
 PSYoungGen      total 2560K, used 512K [0x00000000d5580000, 0x00000000d5a80000, 0x0000000100000000)
  eden space 2048K, 0% used [0x00000000d5580000,0x00000000d5580000,0x00000000d5780000)
  from space 512K, 100% used [0x00000000d5980000,0x00000000d5a00000,0x00000000d5a00000)
  to   space 512K, 0% used [0x00000000d5a00000,0x00000000d5a00000,0x00000000d5a80000)
 ParOldGen       total 593920K, used 593640K [0x0000000080000000, 0x00000000a4400000, 0x00000000d5580000)
  object space 593920K, 99% used [0x0000000080000000,0x00000000a43ba368,0x00000000a4400000)
 Metaspace       used 65980K, committed 67520K, reserved 1114112K
  class space    used 6993K, committed 7680K, reserved 1048576K
}
Event: 25.074 GC heap before
{Heap before GC invocations=843 (full 3):
 PSYoungGen      total 2560K, used 2560K [0x00000000d5580000, 0x00000000d5a80000, 0x0000000100000000)
  eden space 2048K, 100% used [0x00000000d5580000,0x00000000d5780000,0x00000000d5780000)
  from space 512K, 100% used [0x00000000d5980000,0x00000000d5a00000,0x00000000d5a00000)
  to   space 512K, 0% used [0x00000000d5a00000,0x00000000d5a00000,0x00000000d5a80000)
 ParOldGen       total 593920K, used 593643K [0x0000000080000000, 0x00000000a4400000, 0x00000000d5580000)
  object space 593920K, 99% used [0x0000000080000000,0x00000000a43bac90,0x00000000a4400000)
 Metaspace       used 65980K, committed 67520K, reserved 1114112K
  class space    used 6993K, committed 7680K, reserved 1048576K
}
Event: 25.075 GC heap after
{Heap after GC invocations=843 (full 3):
 PSYoungGen      total 2560K, used 512K [0x00000000d5580000, 0x00000000d5a80000, 0x0000000100000000)
  eden space 2048K, 0% used [0x00000000d5580000,0x00000000d5580000,0x00000000d5780000)
  from space 512K, 100% used [0x00000000d5a00000,0x00000000d5a80000,0x00000000d5a80000)
  to   space 1536K, 0% used [0x00000000d5780000,0x00000000d5780000,0x00000000d5900000)
 ParOldGen       total 594432K, used 594139K [0x0000000080000000, 0x00000000a4480000, 0x00000000d5580000)
  object space 594432K, 99% used [0x0000000080000000,0x00000000a4436cb0,0x00000000a4480000)
 Metaspace       used 65980K, committed 67520K, reserved 1114112K
  class space    used 6993K, committed 7680K, reserved 1048576K
}
Event: 25.105 GC heap before
{Heap before GC invocations=844 (full 3):
 PSYoungGen      total 2560K, used 2560K [0x00000000d5580000, 0x00000000d5a80000, 0x0000000100000000)
  eden space 2048K, 100% used [0x00000000d5580000,0x00000000d5780000,0x00000000d5780000)
  from space 512K, 100% used [0x00000000d5a00000,0x00000000d5a80000,0x00000000d5a80000)
  to   space 1536K, 0% used [0x00000000d5780000,0x00000000d5780000,0x00000000d5900000)
 ParOldGen       total 594432K, used 594139K [0x0000000080000000, 0x00000000a4480000, 0x00000000d5580000)
  object space 594432K, 99% used [0x0000000080000000,0x00000000a4436cb0,0x00000000a4480000)
 Metaspace       used 66090K, committed 67648K, reserved 1114112K
  class space    used 6999K, committed 7680K, reserved 1048576K
}
Event: 25.107 GC heap after
{Heap after GC invocations=844 (full 3):
 PSYoungGen      total 3584K, used 664K [0x00000000d5580000, 0x00000000d5a80000, 0x0000000100000000)
  eden space 2048K, 0% used [0x00000000d5580000,0x00000000d5580000,0x00000000d5780000)
  from space 1536K, 43% used [0x00000000d5780000,0x00000000d5826120,0x00000000d5900000)
  to   space 1024K, 0% used [0x00000000d5980000,0x00000000d5980000,0x00000000d5a80000)
 ParOldGen       total 594944K, used 594563K [0x0000000080000000, 0x00000000a4500000, 0x00000000d5580000)
  object space 594944K, 99% used [0x0000000080000000,0x00000000a44a0cc0,0x00000000a4500000)
 Metaspace       used 66090K, committed 67648K, reserved 1114112K
  class space    used 6999K, committed 7680K, reserved 1048576K
}
Event: 25.114 GC heap before
{Heap before GC invocations=845 (full 3):
 PSYoungGen      total 3584K, used 2712K [0x00000000d5580000, 0x00000000d5a80000, 0x0000000100000000)
  eden space 2048K, 100% used [0x00000000d5580000,0x00000000d5780000,0x00000000d5780000)
  from space 1536K, 43% used [0x00000000d5780000,0x00000000d5826120,0x00000000d5900000)
  to   space 1024K, 0% used [0x00000000d5980000,0x00000000d5980000,0x00000000d5a80000)
 ParOldGen       total 594944K, used 594563K [0x0000000080000000, 0x00000000a4500000, 0x00000000d5580000)
  object space 594944K, 99% used [0x0000000080000000,0x00000000a44a0cc0,0x00000000a4500000)
 Metaspace       used 66122K, committed 67712K, reserved 1114112K
  class space    used 7002K, committed 7680K, reserved 1048576K
}
Event: 25.116 GC heap after
{Heap after GC invocations=845 (full 3):
 PSYoungGen      total 2560K, used 388K [0x00000000d5580000, 0x00000000d5a00000, 0x0000000100000000)
  eden space 2048K, 0% used [0x00000000d5580000,0x00000000d5580000,0x00000000d5780000)
  from space 512K, 75% used [0x00000000d5980000,0x00000000d59e1230,0x00000000d5a00000)
  to   space 512K, 0% used [0x00000000d5900000,0x00000000d5900000,0x00000000d5980000)
 ParOldGen       total 594944K, used 594891K [0x0000000080000000, 0x00000000a4500000, 0x00000000d5580000)
  object space 594944K, 99% used [0x0000000080000000,0x00000000a44f2cc0,0x00000000a4500000)
 Metaspace       used 66122K, committed 67712K, reserved 1114112K
  class space    used 7002K, committed 7680K, reserved 1048576K
}
Event: 26.161 GC heap before
{Heap before GC invocations=846 (full 3):
 PSYoungGen      total 2560K, used 2436K [0x00000000d5580000, 0x00000000d5a00000, 0x0000000100000000)
  eden space 2048K, 100% used [0x00000000d5580000,0x00000000d5780000,0x00000000d5780000)
  from space 512K, 75% used [0x00000000d5980000,0x00000000d59e1230,0x00000000d5a00000)
  to   space 512K, 0% used [0x00000000d5900000,0x00000000d5900000,0x00000000d5980000)
 ParOldGen       total 594944K, used 594891K [0x0000000080000000, 0x00000000a4500000, 0x00000000d5580000)
  object space 594944K, 99% used [0x0000000080000000,0x00000000a44f2cc0,0x00000000a4500000)
 Metaspace       used 66174K, committed 67840K, reserved 1114112K
  class space    used 7003K, committed 7744K, reserved 1048576K
}

